<?xml version="1.0" encoding="UTF-8"?>
<!-- Generated by org.testng.reporters.JUnitReportReporter -->
<testsuite hostname="Admin" failures="0" tests="4" name="Api.testCases.UserTest" time="7.402" errors="0" timestamp="2024-04-22T14:32:28 IST" skipped="0">
  <testcase classname="Api.testCases.UserTest" name="PostUserTest" time="2.891"/>
  <system-out/>
  <testcase classname="Api.testCases.UserTest" name="getUserTest" time="1.122"/>
  <system-out/>
  <testcase classname="Api.testCases.UserTest" name="updateUserTest" time="2.254"/>
  <system-out/>
  <testcase classname="Api.testCases.UserTest" name="deteleUserTest" time="1.135"/>
  <system-out/>
</testsuite> <!-- Api.testCases.UserTest -->
